<?xml version="1.0" encoding="UTF-8"?>
<!-- Generated by org.testng.reporters.JUnitXMLReporter -->
<testsuite hostname="DESKTOP-TIVI9NL" ignored="0" name="Default test" tests="4" failures="0" timestamp="10 Jul 2020 07:44:34 GMT" time="53.266" errors="0">
  <testcase name="loginApp" time="16.355" classname="com.Keytrack.testcases.SmokeTestKeytrack"/>
  <testcase name="VerifyingDropdowns" time="9.841" classname="com.Keytrack.testcases.SmokeTestKeytrack"/>
  <testcase name="CreateCompanies" time="13.101" classname="com.Keytrack.testcases.SmokeTestKeytrack"/>
  <testcase name="CreateUsers" time="1.236" classname="com.Keytrack.testcases.SmokeTestKeytrack"/>
</testsuite> <!-- Default test -->
