<?xml version="1.0" encoding="UTF-8"?>
<!-- Generated by org.testng.reporters.JUnitXMLReporter -->
<testsuite hostname="DESKTOP-TIVI9NL" ignored="0" name="Default test" tests="4" failures="0" timestamp="10 Jul 2020 11:14:33 GMT" time="56.959" errors="0">
  <testcase name="loginApp" time="15.057" classname="com.Keytrack.testcases.SmokeTestKeytrack"/>
  <testcase name="VerifyingDropdowns" time="9.815" classname="com.Keytrack.testcases.SmokeTestKeytrack"/>
  <testcase name="CreateCompanies" time="18.118" classname="com.Keytrack.testcases.SmokeTestKeytrack"/>
  <testcase name="CreateUsers" time="1.447" classname="com.Keytrack.testcases.SmokeTestKeytrack"/>
</testsuite> <!-- Default test -->
