<?xml version="1.0" encoding="UTF-8"?>
<testng-results skipped="0" failed="0" ignored="0" total="4" passed="4">
  <reporter-output>
  </reporter-output>
  <suite name="Default suite" duration-ms="53266" started-at="2020-07-10T07:43:41Z" finished-at="2020-07-10T07:44:34Z">
    <groups>
    </groups>
    <test name="Default test" duration-ms="53266" started-at="2020-07-10T07:43:41Z" finished-at="2020-07-10T07:44:34Z">
      <class name="com.Keytrack.testcases.SmokeTestKeytrack">
        <test-method status="PASS" signature="setUpSuite()[pri:0, instance:com.Keytrack.testcases.SmokeTestKeytrack@604ed9f0]" name="setUpSuite" is-config="true" duration-ms="666" started-at="2020-07-10T07:43:40Z" finished-at="2020-07-10T07:43:41Z">
          <reporter-output>
          </reporter-output>
        </test-method> <!-- setUpSuite -->
        <test-method status="PASS" signature="setup()[pri:0, instance:com.Keytrack.testcases.SmokeTestKeytrack@604ed9f0]" name="setup" is-config="true" duration-ms="12700" started-at="2020-07-10T07:43:41Z" finished-at="2020-07-10T07:43:54Z">
          <reporter-output>
          </reporter-output>
        </test-method> <!-- setup -->
        <test-method status="PASS" signature="loginApp()[pri:1, instance:com.Keytrack.testcases.SmokeTestKeytrack@604ed9f0]" name="loginApp" duration-ms="16355" started-at="2020-07-10T07:43:54Z" finished-at="2020-07-10T07:44:10Z">
          <reporter-output>
          </reporter-output>
        </test-method> <!-- loginApp -->
        <test-method status="PASS" signature="VerifyingDropdowns()[pri:2, instance:com.Keytrack.testcases.SmokeTestKeytrack@604ed9f0]" name="VerifyingDropdowns" duration-ms="9841" started-at="2020-07-10T07:44:10Z" finished-at="2020-07-10T07:44:20Z">
          <reporter-output>
          </reporter-output>
        </test-method> <!-- VerifyingDropdowns -->
        <test-method status="PASS" signature="CreateCompanies()[pri:3, instance:com.Keytrack.testcases.SmokeTestKeytrack@604ed9f0]" name="CreateCompanies" duration-ms="13101" started-at="2020-07-10T07:44:20Z" finished-at="2020-07-10T07:44:33Z">
          <reporter-output>
          </reporter-output>
        </test-method> <!-- CreateCompanies -->
        <test-method status="PASS" signature="CreateUsers()[pri:4, instance:com.Keytrack.testcases.SmokeTestKeytrack@604ed9f0]" name="CreateUsers" duration-ms="1236" started-at="2020-07-10T07:44:33Z" finished-at="2020-07-10T07:44:34Z">
          <reporter-output>
          </reporter-output>
        </test-method> <!-- CreateUsers -->
        <test-method status="PASS" signature="teardown()[pri:0, instance:com.Keytrack.testcases.SmokeTestKeytrack@604ed9f0]" name="teardown" is-config="true" duration-ms="0" started-at="2020-07-10T07:44:34Z" finished-at="2020-07-10T07:44:34Z">
          <reporter-output>
          </reporter-output>
        </test-method> <!-- teardown -->
      </class> <!-- com.Keytrack.testcases.SmokeTestKeytrack -->
    </test> <!-- Default test -->
  </suite> <!-- Default suite -->
</testng-results>
