<?xml version="1.0" encoding="UTF-8"?>
<testng-results skipped="0" failed="0" ignored="0" total="4" passed="4">
  <reporter-output>
  </reporter-output>
  <suite name="Default suite" duration-ms="56959" started-at="2020-07-10T11:13:36Z" finished-at="2020-07-10T11:14:33Z">
    <groups>
    </groups>
    <test name="Default test" duration-ms="56959" started-at="2020-07-10T11:13:36Z" finished-at="2020-07-10T11:14:33Z">
      <class name="com.Keytrack.testcases.SmokeTestKeytrack">
        <test-method status="PASS" signature="setUpSuite()[pri:0, instance:com.Keytrack.testcases.SmokeTestKeytrack@604ed9f0]" name="setUpSuite" is-config="true" duration-ms="620" started-at="2020-07-10T11:13:35Z" finished-at="2020-07-10T11:13:36Z">
          <reporter-output>
          </reporter-output>
        </test-method> <!-- setUpSuite -->
        <test-method status="PASS" signature="setup()[pri:0, instance:com.Keytrack.testcases.SmokeTestKeytrack@604ed9f0]" name="setup" is-config="true" duration-ms="12492" started-at="2020-07-10T11:13:36Z" finished-at="2020-07-10T11:13:48Z">
          <reporter-output>
          </reporter-output>
        </test-method> <!-- setup -->
        <test-method status="PASS" signature="loginApp()[pri:1, instance:com.Keytrack.testcases.SmokeTestKeytrack@604ed9f0]" name="loginApp" duration-ms="15057" started-at="2020-07-10T11:13:48Z" finished-at="2020-07-10T11:14:03Z">
          <reporter-output>
          </reporter-output>
        </test-method> <!-- loginApp -->
        <test-method status="PASS" signature="VerifyingDropdowns()[pri:2, instance:com.Keytrack.testcases.SmokeTestKeytrack@604ed9f0]" name="VerifyingDropdowns" duration-ms="9815" started-at="2020-07-10T11:14:03Z" finished-at="2020-07-10T11:14:13Z">
          <reporter-output>
          </reporter-output>
        </test-method> <!-- VerifyingDropdowns -->
        <test-method status="PASS" signature="CreateCompanies()[pri:3, instance:com.Keytrack.testcases.SmokeTestKeytrack@604ed9f0]" name="CreateCompanies" duration-ms="18118" started-at="2020-07-10T11:14:13Z" finished-at="2020-07-10T11:14:31Z">
          <reporter-output>
          </reporter-output>
        </test-method> <!-- CreateCompanies -->
        <test-method status="PASS" signature="CreateUsers()[pri:4, instance:com.Keytrack.testcases.SmokeTestKeytrack@604ed9f0]" name="CreateUsers" duration-ms="1447" started-at="2020-07-10T11:14:31Z" finished-at="2020-07-10T11:14:33Z">
          <reporter-output>
          </reporter-output>
        </test-method> <!-- CreateUsers -->
        <test-method status="PASS" signature="teardown()[pri:0, instance:com.Keytrack.testcases.SmokeTestKeytrack@604ed9f0]" name="teardown" is-config="true" duration-ms="1" started-at="2020-07-10T11:14:33Z" finished-at="2020-07-10T11:14:33Z">
          <reporter-output>
          </reporter-output>
        </test-method> <!-- teardown -->
      </class> <!-- com.Keytrack.testcases.SmokeTestKeytrack -->
    </test> <!-- Default test -->
  </suite> <!-- Default suite -->
</testng-results>
